1588423259070:1
1588423272970:add 5 6
1588423510675:welcome
1588423534684:add 5 6
1588423553142:add numbers 5 6
1588423563396:sum 5 6
1588424257891:exit
1588425602031:upload D:\\Documenten\\test.txt
1588425638549:file upload D:\\Documenten\\test.txt
1588425654367:upload D:\\Documenten
1588425660092:upload a file
1588425681566:upload
1588425690217:upload D:\\Documenten\\test.txt
1588425700747:stacktrace
1588425779451:upload D:\\Documenten\\test.txt
1588425799685:upload D:\\Documenten test.txt
1588425809517:stacktrace
1588425884835:upload D:\\Documenten\\test.txt
1590324965651:welcome
1590325062419:upload
1590325141262:upload --path \\Sketchpad.png
1590326433227:welcome
1590326438089:help
1590326447142:read words
1590326458511:read words --file basiswoorden.txt
1590327353649:read word --file basiswoorden.txt
1590327504233:read words --file basiswoorden.txt
1590327657829:read words -- file basiswoorden.txt
1590327671995:read words --file basiswoorden.txt
1590331399596:read --file basiswoorden.txt
1590332171884:read --file basiswoorden.tzt
1590332179452:read --file basiswoorden.txt
